<?xml version="1.0" encoding="UTF-8"?>
<testsuite name="org.example.protomessenger.ProtomessengerApplicationTests" tests="1" skipped="0" failures="0" errors="0" timestamp="2026-04-16T20:18:14" hostname="DESKTOP-U3KR0GM" time="0.749">
  <properties/>
  <testcase name="contextLoads()" classname="org.example.protomessenger.ProtomessengerApplicationTests" time="0.749"/>
  <system-out><![CDATA[22:18:04.817 [Test worker] INFO org.springframework.test.context.support.AnnotationConfigContextLoaderUtils -- Could not detect default configuration classes for test class [org.example.protomessenger.ProtomessengerApplicationTests]: ProtomessengerApplicationTests does not declare any static, non-private, non-final, nested classes annotated with @Configuration.
22:18:04.977 [Test worker] INFO org.springframework.boot.test.context.SpringBootTestContextBootstrapper -- Found @SpringBootConfiguration org.example.protomessenger.ProtomessengerApplication for test class org.example.protomessenger.ProtomessengerApplicationTests

  .   ____          _            __ _ _
 /\\ / ___'_ __ _ _(_)_ __  __ _ \ \ \ \
( ( )\___ | '_ | '_| | '_ \/ _` | \ \ \ \
 \\/  ___)| |_)| | | | | || (_| |  ) ) ) )
  '  |____| .__|_| |_|_| |_\__, | / / / /
 =========|_|==============|___/=/_/_/_/
 :: Spring Boot ::                (v3.2.4)

2026-04-16T22:18:05.714+02:00  INFO 4188 --- [protomessenger] [    Test worker] o.e.p.ProtomessengerApplicationTests     : Starting ProtomessengerApplicationTests using Java 17.0.18 with PID 4188 (started by User in D:\premessenger\protomessenger)
2026-04-16T22:18:05.717+02:00  INFO 4188 --- [protomessenger] [    Test worker] o.e.p.ProtomessengerApplicationTests     : No active profile set, falling back to 1 default profile: "default"
2026-04-16T22:18:07.607+02:00  INFO 4188 --- [protomessenger] [    Test worker] .s.d.r.c.RepositoryConfigurationDelegate : Multiple Spring Data modules found, entering strict repository configuration mode
2026-04-16T22:18:07.613+02:00  INFO 4188 --- [protomessenger] [    Test worker] .s.d.r.c.RepositoryConfigurationDelegate : Bootstrapping Spring Data JPA repositories in DEFAULT mode.
2026-04-16T22:18:07.900+02:00  INFO 4188 --- [protomessenger] [    Test worker] .s.d.r.c.RepositoryConfigurationDelegate : Finished Spring Data repository scanning in 258 ms. Found 1 JPA repository interface.
2026-04-16T22:18:07.936+02:00  INFO 4188 --- [protomessenger] [    Test worker] .s.d.r.c.RepositoryConfigurationDelegate : Multiple Spring Data modules found, entering strict repository configuration mode
2026-04-16T22:18:07.937+02:00  INFO 4188 --- [protomessenger] [    Test worker] .s.d.r.c.RepositoryConfigurationDelegate : Bootstrapping Spring Data Redis repositories in DEFAULT mode.
2026-04-16T22:18:07.962+02:00  INFO 4188 --- [protomessenger] [    Test worker] .RepositoryConfigurationExtensionSupport : Spring Data Redis - Could not safely identify store assignment for repository candidate interface org.example.protomessenger.repository.MessageRepository; If you want this repository to be a Redis repository, consider annotating your entities with one of these annotations: org.springframework.data.redis.core.RedisHash (preferred), or consider extending one of the following types with your repository: org.springframework.data.keyvalue.repository.KeyValueRepository
2026-04-16T22:18:07.962+02:00  INFO 4188 --- [protomessenger] [    Test worker] .s.d.r.c.RepositoryConfigurationDelegate : Finished Spring Data repository scanning in 8 ms. Found 0 Redis repository interfaces.
2026-04-16T22:18:08.978+02:00  INFO 4188 --- [protomessenger] [    Test worker] o.hibernate.jpa.internal.util.LogHelper  : HHH000204: Processing PersistenceUnitInfo [name: default]
2026-04-16T22:18:09.083+02:00  INFO 4188 --- [protomessenger] [    Test worker] org.hibernate.Version                    : HHH000412: Hibernate ORM core version 6.4.4.Final
2026-04-16T22:18:09.167+02:00  INFO 4188 --- [protomessenger] [    Test worker] o.h.c.internal.RegionFactoryInitiator    : HHH000026: Second-level cache disabled
2026-04-16T22:18:09.641+02:00  INFO 4188 --- [protomessenger] [    Test worker] o.s.o.j.p.SpringPersistenceUnitInfo      : No LoadTimeWeaver setup: ignoring JPA class transformer
2026-04-16T22:18:09.690+02:00  INFO 4188 --- [protomessenger] [    Test worker] com.zaxxer.hikari.HikariDataSource       : HikariPool-1 - Starting...
2026-04-16T22:18:09.986+02:00  INFO 4188 --- [protomessenger] [    Test worker] com.zaxxer.hikari.pool.HikariPool        : HikariPool-1 - Added connection com.mysql.cj.jdbc.ConnectionImpl@5a205ee5
2026-04-16T22:18:09.991+02:00  INFO 4188 --- [protomessenger] [    Test worker] com.zaxxer.hikari.HikariDataSource       : HikariPool-1 - Start completed.
2026-04-16T22:18:10.048+02:00  WARN 4188 --- [protomessenger] [    Test worker] org.hibernate.orm.deprecation            : HHH90000025: MySQL8Dialect does not need to be specified explicitly using 'hibernate.dialect' (remove the property setting and it will be selected by default)
2026-04-16T22:18:10.050+02:00  WARN 4188 --- [protomessenger] [    Test worker] org.hibernate.orm.deprecation            : HHH90000026: MySQL8Dialect has been deprecated; use org.hibernate.dialect.MySQLDialect instead
2026-04-16T22:18:11.200+02:00  INFO 4188 --- [protomessenger] [    Test worker] o.h.e.t.j.p.i.JtaPlatformInitiator       : HHH000489: No JTA platform available (set 'hibernate.transaction.jta.platform' to enable JTA platform integration)
2026-04-16T22:18:11.267+02:00  INFO 4188 --- [protomessenger] [    Test worker] j.LocalContainerEntityManagerFactoryBean : Initialized JPA EntityManagerFactory for persistence unit 'default'
2026-04-16T22:18:11.604+02:00  WARN 4188 --- [protomessenger] [    Test worker] JpaBaseConfiguration$JpaWebConfiguration : spring.jpa.open-in-view is enabled by default. Therefore, database queries may be performed during view rendering. Explicitly configure spring.jpa.open-in-view to disable this warning
2026-04-16T22:18:12.081+02:00 DEBUG 4188 --- [protomessenger] [    Test worker] o.s.w.s.s.s.WebSocketHandlerMapping      : Patterns [/ws/**] in 'stompWebSocketHandlerMapping'
2026-04-16T22:18:12.414+02:00  INFO 4188 --- [protomessenger] [    Test worker] o.s.s.web.DefaultSecurityFilterChain     : Will secure any request with [org.springframework.security.web.session.DisableEncodeUrlFilter@1d1da00b, org.springframework.security.web.context.request.async.WebAsyncManagerIntegrationFilter@2db4a84a, org.springframework.security.web.context.SecurityContextHolderFilter@cf0bc92, org.springframework.security.web.header.HeaderWriterFilter@6bed434d, org.springframework.web.filter.CorsFilter@5cef5fc9, org.springframework.security.web.authentication.logout.LogoutFilter@21abd3a3, org.springframework.security.web.savedrequest.RequestCacheAwareFilter@40625ac6, org.springframework.security.web.servletapi.SecurityContextHolderAwareRequestFilter@53cb9b1, org.springframework.security.web.authentication.AnonymousAuthenticationFilter@b867869, org.springframework.security.web.session.SessionManagementFilter@58cd6088, org.springframework.security.web.access.ExceptionTranslationFilter@70ca8e72, org.springframework.security.web.access.intercept.AuthorizationFilter@600a1270]
2026-04-16T22:18:12.525+02:00 DEBUG 4188 --- [protomessenger] [    Test worker] .WebSocketAnnotationMethodMessageHandler : 
	o.e.p.c.MessageController:
	{[MESSAGE],[/chat.send/{roomId}]}: sendMessage(ChatMessage,String)
2026-04-16T22:18:12.528+02:00 DEBUG 4188 --- [protomessenger] [    Test worker] .WebSocketAnnotationMethodMessageHandler : 
	o.s.b.a.w.s.e.BasicErrorController:
	
2026-04-16T22:18:13.855+02:00  INFO 4188 --- [protomessenger] [    Test worker] o.s.d.j.r.query.QueryEnhancerFactory     : Hibernate is in classpath; If applicable, HQL parser will be used.
2026-04-16T22:18:14.858+02:00 DEBUG 4188 --- [protomessenger] [    Test worker] o.s.m.s.ExecutorSubscribableChannel      : clientOutboundChannel added SubProtocolWebSocketHandler[StompSubProtocolHandler[v10.stomp, v11.stomp, v12.stomp]]
2026-04-16T22:18:14.859+02:00 DEBUG 4188 --- [protomessenger] [    Test worker] o.s.m.s.ExecutorSubscribableChannel      : clientInboundChannel added WebSocketAnnotationMethodMessageHandler[prefixes=[/app/]]
2026-04-16T22:18:14.860+02:00  INFO 4188 --- [protomessenger] [    Test worker] o.s.m.s.b.SimpleBrokerMessageHandler     : Starting...
2026-04-16T22:18:14.861+02:00 DEBUG 4188 --- [protomessenger] [    Test worker] o.s.m.s.ExecutorSubscribableChannel      : clientInboundChannel added SimpleBrokerMessageHandler [org.springframework.messaging.simp.broker.DefaultSubscriptionRegistry@6f5690f3]
2026-04-16T22:18:14.863+02:00 DEBUG 4188 --- [protomessenger] [    Test worker] o.s.m.s.ExecutorSubscribableChannel      : brokerChannel added SimpleBrokerMessageHandler [org.springframework.messaging.simp.broker.DefaultSubscriptionRegistry@6f5690f3]
2026-04-16T22:18:14.867+02:00  INFO 4188 --- [protomessenger] [    Test worker] o.s.m.s.b.SimpleBrokerMessageHandler     : BrokerAvailabilityEvent[available=true, SimpleBrokerMessageHandler [org.springframework.messaging.simp.broker.DefaultSubscriptionRegistry@6f5690f3]]
2026-04-16T22:18:14.869+02:00  INFO 4188 --- [protomessenger] [    Test worker] o.s.m.s.b.SimpleBrokerMessageHandler     : Started.
2026-04-16T22:18:14.869+02:00 DEBUG 4188 --- [protomessenger] [    Test worker] o.s.m.s.ExecutorSubscribableChannel      : clientInboundChannel added UserDestinationMessageHandler[DefaultUserDestinationResolver[prefix=/user/]]
2026-04-16T22:18:14.870+02:00 DEBUG 4188 --- [protomessenger] [    Test worker] o.s.m.s.ExecutorSubscribableChannel      : brokerChannel added UserDestinationMessageHandler[DefaultUserDestinationResolver[prefix=/user/]]
2026-04-16T22:18:14.895+02:00  INFO 4188 --- [protomessenger] [    Test worker] o.e.p.ProtomessengerApplicationTests     : Started ProtomessengerApplicationTests in 9.607 seconds (process running for 11.462)
]]></system-out>
  <system-err><![CDATA[]]></system-err>
</testsuite>
